
INFO:__main__:connected and looping
INFO:__main__:Connected with result code 0
INFO:__main__:garden/data/pump_1/ b'{"ID": "1", "state": "off"}'
INFO:__main__:{'ID': '1', 'state': 0}
ERROR:__main__:Failed to add data to API database
INFO:__main__:garden/data/pump_1/ b'{"ID": "1", "state": "off"}'
INFO:__main__:{'ID': '1', 'state': 0}
ERROR:__main__:Failed to add data to API database
INFO:__main__:connected and looping
INFO:__main__:Connected with result code 0
INFO:__main__:garden/data/pump_1/ b'{"ID": "1", "state": "off"}'
INFO:__main__:{'ID': '1', 'state': 0}
ERROR:__main__:HTTPConnectionPool(host='localhost', port=8700): Max retries exceeded with url: /get (Caused by NewConnectionError('<urllib3.connection.HTTPConnection object at 0x7f1f24301db0>: Failed to establish a new connection: [Errno 111] Connection refused'))
INFO:__main__:garden/data/pump_1/ b'{"ID": "1", "state": "off"}'
INFO:__main__:{'ID': '1', 'state': 0}
ERROR:__main__:HTTPConnectionPool(host='localhost', port=8700): Max retries exceeded with url: /get (Caused by NewConnectionError('<urllib3.connection.HTTPConnection object at 0x7f1f243025f0>: Failed to establish a new connection: [Errno 111] Connection refused'))
INFO:__main__:connected and looping
INFO:__main__:Connected with result code 0
INFO:__main__:garden/data/pump_1/ b'{"ID": "1", "state": "off"}'
INFO:__main__:{'ID': '1', 'state': 0}
ERROR:__main__:HTTPConnectionPool(host='localhost', port=8700): Max retries exceeded with url: /get (Caused by NewConnectionError('<urllib3.connection.HTTPConnection object at 0x7fea3abc5db0>: Failed to establish a new connection: [Errno 111] Connection refused'))
INFO:__main__:garden/data/pump_1/ b'{"ID": "1", "state": "off"}'
INFO:__main__:{'ID': '1', 'state': 0}
ERROR:__main__:HTTPConnectionPool(host='localhost', port=8700): Max retries exceeded with url: /get (Caused by NewConnectionError('<urllib3.connection.HTTPConnection object at 0x7fea3abc65f0>: Failed to establish a new connection: [Errno 111] Connection refused'))
INFO:__main__:connected and looping
INFO:__main__:Connected with result code 0
INFO:__main__:garden/data/pump_1/ b'{"ID": "1", "state": "off"}'
INFO:__main__:{'ID': '1', 'state': 0}
INFO:__main__:<Response [200]>
INFO:__main__:Data added to API database successfully
INFO:__main__:garden/data/pump_1/ b'{"ID": "1", "state": "off"}'
INFO:__main__:{'ID': '1', 'state': 0}
INFO:__main__:<Response [200]>
INFO:__main__:Data added to API database successfully
INFO:__main__:garden/data/pump_1/ b'{"ID": "1", "state": "on"}'
INFO:__main__:{'ID': '1', 'state': 1}
INFO:__main__:<Response [200]>
INFO:__main__:Data added to API database successfully
INFO:__main__:garden/data/pump_1/ b'{"ID": "1", "state": "off"}'
INFO:__main__:{'ID': '1', 'state': 0}
INFO:__main__:<Response [200]>
INFO:__main__:Data added to API database successfully
